<?xml version="1.0" encoding="UTF-8"?>
<!-- Generated by org.testng.reporters.JUnitXMLReporter -->
<testsuite ignored="0" hostname="DESKTOP-TTMLSIE" failures="0" tests="0" time="0.528" errors="0" timestamp="2025-04-23T11:00:03 EDT">
  <testcase classname="dsAlgo_base.Base_class" name="@BeforeTest setupAll" time="0.501">
    <failure type="java.lang.RuntimeException" message="browser is not specified in the testng.xml">
      <![CDATA[java.lang.RuntimeException: browser is not specified in the testng.xml
at dsAlgo_Utilities.ConfigReader.getBrowserType(ConfigReader.java:52)
at dsAlgo_base.Base_class.setupAll(Base_class.java:14)
... Removed 22 stack frames]]>
    </failure>
  </testcase> <!-- @BeforeTest setupAll -->
</testsuite>
