<?xml version="1.0" encoding="UTF-8"?>
<testng-results ignored="0" total="0" passed="0" failed="0" skipped="0">
  <reporter-output>
  </reporter-output>
  <suite started-at="2025-04-23T11:06:41 EDT" name="Suite" finished-at="2025-04-23T11:06:45 EDT" duration-ms="4513">
    <groups>
    </groups>
    <test started-at="2025-04-23T11:06:41 EDT" name="edgetest" finished-at="2025-04-23T11:06:45 EDT" duration-ms="4513">
      <class name="dsAlgo_base.Base_class">
        <test-method is-config="true" signature="setupAll(java.lang.String)[pri:0, instance:dsAlgo_base.Base_class@3514a4c0]" started-at="2025-04-23T11:06:41 EDT" name="setupAll" finished-at="2025-04-23T11:06:45 EDT" duration-ms="4492" status="PASS">
          <params>
            <param index="0">
              <value>
                <![CDATA[edge]]>
              </value>
            </param>
          </params>
          <reporter-output>
          </reporter-output>
        </test-method> <!-- setupAll -->
      </class> <!-- dsAlgo_base.Base_class -->
    </test> <!-- edgetest -->
  </suite> <!-- Suite -->
</testng-results>
